35755 : 2020-06-23 18:58:55,992 : INFO : telemetry.main : Attempt start. Configuration directory [/home/mahveotm/.azure].
35755 : 2020-06-23 18:58:55,993 : INFO : telemetry.check : Positive: The /home/mahveotm/.azure/telemetry.txt does not exist.
35755 : 2020-06-23 18:58:55,993 : DEBUG : telemetry.note : acquiring lock
35755 : 2020-06-23 18:58:55,994 : DEBUG : telemetry.note : acquired lock
35755 : 2020-06-23 18:58:55,994 : INFO : telemetry.note : Update the note mtime to 2020-06-23 18:58:55.994208
35755 : 2020-06-23 18:58:55,994 : WARNING : telemetry.note : Fail to parse or read the timestamp 'N/A' in the note file. Set the last send time to minimal. Reason: not readable
35755 : 2020-06-23 18:58:55,994 : INFO : telemetry.records : No cache to be uploaded.
35755 : 2020-06-23 18:58:55,995 : INFO : telemetry.client : Accumulated 0 events. Flush the clients.
35755 : 2020-06-23 18:58:55,995 : INFO : telemetry.note : Update the last send in note to 0001-01-01 00:00:00
35755 : 2020-06-23 18:58:55,995 : INFO : telemetry.note : Update the note mtime to 2020-06-23 18:58:55.995885
37484 : 2020-06-23 19:09:16,847 : INFO : telemetry.main : Attempt start. Configuration directory [/home/mahveotm/.azure].
37484 : 2020-06-23 19:09:16,847 : INFO : telemetry.check : Returns Positive.
37484 : 2020-06-23 19:09:16,848 : DEBUG : telemetry.note : acquiring lock
37484 : 2020-06-23 19:09:16,848 : DEBUG : telemetry.note : acquired lock
37484 : 2020-06-23 19:09:16,848 : INFO : telemetry.note : Update the note mtime to 2020-06-23 19:09:16.848334
37484 : 2020-06-23 19:09:16,851 : WARNING : telemetry.note : Fail to parse or read the timestamp '1-01-01T00:00:00' in the note file. Set the last send time to minimal. Reason: time data '1-01-01T00:00:00' does not match format '%Y-%m-%dT%H:%M:%S'
37484 : 2020-06-23 19:09:16,851 : INFO : telemetry.records : No cache to be uploaded.
37484 : 2020-06-23 19:09:16,851 : INFO : telemetry.client : Accumulated 0 events. Flush the clients.
37484 : 2020-06-23 19:09:16,851 : INFO : telemetry.note : Update the last send in note to 0001-01-01 00:00:00
37484 : 2020-06-23 19:09:16,851 : INFO : telemetry.note : Update the note mtime to 2020-06-23 19:09:16.851932
53128 : 2020-06-24 09:42:28,527 : INFO : telemetry.main : Attempt start. Configuration directory [/home/mahveotm/.azure].
53128 : 2020-06-24 09:42:28,534 : INFO : telemetry.check : Returns Positive.
53128 : 2020-06-24 09:42:28,535 : DEBUG : telemetry.note : acquiring lock
53128 : 2020-06-24 09:42:28,535 : DEBUG : telemetry.note : acquired lock
53128 : 2020-06-24 09:42:28,535 : INFO : telemetry.note : Update the note mtime to 2020-06-24 09:42:28.535670
53128 : 2020-06-24 09:42:28,553 : WARNING : telemetry.note : Fail to parse or read the timestamp '1-01-01T00:00:00' in the note file. Set the last send time to minimal. Reason: time data '1-01-01T00:00:00' does not match format '%Y-%m-%dT%H:%M:%S'
53128 : 2020-06-24 09:42:28,553 : INFO : telemetry.records : No cache to be uploaded.
53128 : 2020-06-24 09:42:28,554 : INFO : telemetry.client : Accumulated 0 events. Flush the clients.
53128 : 2020-06-24 09:42:28,554 : INFO : telemetry.note : Update the last send in note to 0001-01-01 00:00:00
53128 : 2020-06-24 09:42:28,554 : INFO : telemetry.note : Update the note mtime to 2020-06-24 09:42:28.554641
51016 : 2020-06-25 09:43:33,008 : INFO : telemetry.main : Attempt start. Configuration directory [/home/mahveotm/.azure].
51016 : 2020-06-25 09:43:33,016 : INFO : telemetry.check : Returns Positive.
51016 : 2020-06-25 09:43:33,016 : DEBUG : telemetry.note : acquiring lock
51016 : 2020-06-25 09:43:33,017 : DEBUG : telemetry.note : acquired lock
51016 : 2020-06-25 09:43:33,017 : INFO : telemetry.note : Update the note mtime to 2020-06-25 09:43:33.017344
51016 : 2020-06-25 09:43:33,040 : WARNING : telemetry.note : Fail to parse or read the timestamp '1-01-01T00:00:00' in the note file. Set the last send time to minimal. Reason: time data '1-01-01T00:00:00' does not match format '%Y-%m-%dT%H:%M:%S'
51016 : 2020-06-25 09:43:33,040 : INFO : telemetry.records : No cache to be uploaded.
51016 : 2020-06-25 09:43:33,041 : INFO : telemetry.client : Accumulated 0 events. Flush the clients.
51016 : 2020-06-25 09:43:33,041 : INFO : telemetry.note : Update the last send in note to 0001-01-01 00:00:00
51016 : 2020-06-25 09:43:33,041 : INFO : telemetry.note : Update the note mtime to 2020-06-25 09:43:33.041621
120042 : 2020-06-26 14:28:47,384 : INFO : telemetry.main : Attempt start. Configuration directory [/home/mahveotm/.azure].
120042 : 2020-06-26 14:28:47,397 : INFO : telemetry.check : Returns Positive.
120042 : 2020-06-26 14:28:47,398 : DEBUG : telemetry.note : acquiring lock
120042 : 2020-06-26 14:28:47,398 : DEBUG : telemetry.note : acquired lock
120042 : 2020-06-26 14:28:47,398 : INFO : telemetry.note : Update the note mtime to 2020-06-26 14:28:47.398447
120042 : 2020-06-26 14:28:47,448 : WARNING : telemetry.note : Fail to parse or read the timestamp '1-01-01T00:00:00' in the note file. Set the last send time to minimal. Reason: time data '1-01-01T00:00:00' does not match format '%Y-%m-%dT%H:%M:%S'
120042 : 2020-06-26 14:28:47,449 : INFO : telemetry.records : No cache to be uploaded.
120042 : 2020-06-26 14:28:47,449 : INFO : telemetry.client : Accumulated 0 events. Flush the clients.
120042 : 2020-06-26 14:28:47,450 : INFO : telemetry.note : Update the last send in note to 0001-01-01 00:00:00
120042 : 2020-06-26 14:28:47,450 : INFO : telemetry.note : Update the note mtime to 2020-06-26 14:28:47.450310
